[debug] [2019-10-03T21:46:50.803Z] ----------------------------------------------------------------------
[debug] [2019-10-03T21:46:50.806Z] Command:       C:\Program Files\nodejs\node.exe C:\Program Files\nodejs\node_modules\firebase-tools\lib\bin\firebase.js init
[debug] [2019-10-03T21:46:50.806Z] CLI Version:   7.4.0
[debug] [2019-10-03T21:46:50.806Z] Platform:      win32
[debug] [2019-10-03T21:46:50.806Z] Node Version:  v8.16.1
[debug] [2019-10-03T21:46:50.806Z] Time:          Thu Oct 03 2019 17:46:50 GMT-0400 (Eastern Daylight Time)
[debug] [2019-10-03T21:46:50.806Z] ----------------------------------------------------------------------
[debug] 
[debug] [2019-10-03T21:46:50.816Z] > command requires scopes: ["email","openid","https://www.googleapis.com/auth/cloudplatformprojects.readonly","https://www.googleapis.com/auth/firebase","https://www.googleapis.com/auth/cloud-platform"]
[debug] [2019-10-03T21:46:50.816Z] > authorizing via signed-in user
[info] 
     ######## #### ########  ######## ########     ###     ######  ########
     ##        ##  ##     ## ##       ##     ##  ##   ##  ##       ##
     ######    ##  ########  ######   ########  #########  ######  ######
     ##        ##  ##    ##  ##       ##     ## ##     ##       ## ##
     ##       #### ##     ## ######## ########  ##     ##  ######  ########

You're about to initialize a Firebase project in this directory:

  C:\Users\abhay\Documents\GitHub\parts-management

Before we get started, keep in mind:

  * You are initializing in an existing Firebase project directory

